Performing C SOURCE FILE Test CMAKE_HAVE_LIBC_PTHREAD failed with the following output:
Change Dir: /home/nother/notherKV/build/CMakeFiles/CMakeTmp

Run Build Command(s):/usr/bin/make -f Makefile cmTC_4b697/fast && /usr/bin/make  -f CMakeFiles/cmTC_4b697.dir/build.make CMakeFiles/cmTC_4b697.dir/build
make[1]: 进入目录“/home/nother/notherKV/build/CMakeFiles/CMakeTmp”
Building C object CMakeFiles/cmTC_4b697.dir/src.c.o
/usr/bin/clang-12 -DCMAKE_HAVE_LIBC_PTHREAD   -MD -MT CMakeFiles/cmTC_4b697.dir/src.c.o -MF CMakeFiles/cmTC_4b697.dir/src.c.o.d -o CMakeFiles/cmTC_4b697.dir/src.c.o -c /home/nother/notherKV/build/CMakeFiles/CMakeTmp/src.c
Linking C executable cmTC_4b697
/usr/local/bin/cmake -E cmake_link_script CMakeFiles/cmTC_4b697.dir/link.txt --verbose=1
/usr/bin/clang-12 CMakeFiles/cmTC_4b697.dir/src.c.o -o cmTC_4b697 
CMakeFiles/cmTC_4b697.dir/src.c.o：在函数‘main’中：
src.c:(.text+0x25)：对‘pthread_create’未定义的引用
src.c:(.text+0x2e)：对‘pthread_detach’未定义的引用
src.c:(.text+0x37)：对‘pthread_cancel’未定义的引用
src.c:(.text+0x44)：对‘pthread_join’未定义的引用
src.c:(.text+0x53)：对‘pthread_atfork’未定义的引用
clang: error: linker command failed with exit code 1 (use -v to see invocation)
CMakeFiles/cmTC_4b697.dir/build.make:99: recipe for target 'cmTC_4b697' failed
make[1]: *** [cmTC_4b697] Error 1
make[1]: 离开目录“/home/nother/notherKV/build/CMakeFiles/CMakeTmp”
Makefile:127: recipe for target 'cmTC_4b697/fast' failed
make: *** [cmTC_4b697/fast] Error 2


Source file was:
#include <pthread.h>

static void* test_func(void* data)
{
  return data;
}

int main(void)
{
  pthread_t thread;
  pthread_create(&thread, NULL, test_func, NULL);
  pthread_detach(thread);
  pthread_cancel(thread);
  pthread_join(thread, NULL);
  pthread_atfork(NULL, NULL, NULL);
  pthread_exit(NULL);

  return 0;
}

Determining if the function pthread_create exists in the pthreads failed with the following output:
Change Dir: /home/nother/notherKV/build/CMakeFiles/CMakeTmp

Run Build Command(s):/usr/bin/make -f Makefile cmTC_9f7c5/fast && /usr/bin/make  -f CMakeFiles/cmTC_9f7c5.dir/build.make CMakeFiles/cmTC_9f7c5.dir/build
make[1]: 进入目录“/home/nother/notherKV/build/CMakeFiles/CMakeTmp”
Building C object CMakeFiles/cmTC_9f7c5.dir/CheckFunctionExists.c.o
/usr/bin/clang-12   -DCHECK_FUNCTION_EXISTS=pthread_create -MD -MT CMakeFiles/cmTC_9f7c5.dir/CheckFunctionExists.c.o -MF CMakeFiles/cmTC_9f7c5.dir/CheckFunctionExists.c.o.d -o CMakeFiles/cmTC_9f7c5.dir/CheckFunctionExists.c.o -c /usr/local/share/cmake-3.22/Modules/CheckFunctionExists.c
Linking C executable cmTC_9f7c5
/usr/local/bin/cmake -E cmake_link_script CMakeFiles/cmTC_9f7c5.dir/link.txt --verbose=1
/usr/bin/clang-12  -DCHECK_FUNCTION_EXISTS=pthread_create CMakeFiles/cmTC_9f7c5.dir/CheckFunctionExists.c.o -o cmTC_9f7c5  -lpthreads 
/usr/bin/ld: 找不到 -lpthreads
clang: error: linker command failed with exit code 1 (use -v to see invocation)
CMakeFiles/cmTC_9f7c5.dir/build.make:99: recipe for target 'cmTC_9f7c5' failed
make[1]: *** [cmTC_9f7c5] Error 1
make[1]: 离开目录“/home/nother/notherKV/build/CMakeFiles/CMakeTmp”
Makefile:127: recipe for target 'cmTC_9f7c5/fast' failed
make: *** [cmTC_9f7c5/fast] Error 2



